This is pdfTeX, Version 3.141592653-2.6-1.40.25 (TeX Live 2023) (preloaded format=pdflatex 2024.11.13)  7 JAN 2026 17:16
entering extended mode
 restricted \write18 enabled.
 %&-line parsing enabled.
**Rd2.tex
(./Rd2.tex
LaTeX2e <2023-11-01>
L3 programming layer <2023-12-11>

(/Users/almartin/Library/TinyTeX/texmf-dist/tex/latex/base/book.cls
Document Class: book 2023/05/17 v1.4n Standard LaTeX document class
(/Users/almartin/Library/TinyTeX/texmf-dist/tex/latex/base/bk10.clo
File: bk10.clo 2023/05/17 v1.4n Standard LaTeX file (size option)
)
\c@part=\count187
\c@chapter=\count188
\c@section=\count189
\c@subsection=\count190
\c@subsubsection=\count191
\c@paragraph=\count192
\c@subparagraph=\count193
\c@figure=\count194
\c@table=\count195
\abovecaptionskip=\skip48
\belowcaptionskip=\skip49
\bibindent=\dimen140
) (/opt/homebrew/Cellar/r/4.5.0/lib/R/share/texmf/tex/latex/Rd.sty
Package: Rd 
 (/Users/almartin/Library/TinyTeX/texmf-dist/tex/latex/base/ifthen.sty
Package: ifthen 2022/04/13 v1.1d Standard LaTeX ifthen package (DPC)
) (/Users/almartin/Library/TinyTeX/texmf-dist/tex/generic/iftex/iftex.sty
Package: iftex 2022/02/03 v1.0f TeX engine tests
) (/Users/almartin/Library/TinyTeX/texmf-dist/tex/latex/tools/longtable.sty
Package: longtable 2023-11-01 v4.19 Multi-page Table package (DPC)
\LTleft=\skip50
\LTright=\skip51
\LTpre=\skip52
\LTpost=\skip53
\LTchunksize=\count196
\LTcapwidth=\dimen141
\LT@head=\box51
\LT@firsthead=\box52
\LT@foot=\box53
\LT@lastfoot=\box54
\LT@gbox=\box55
\LT@cols=\count197
\LT@rows=\count198
\c@LT@tables=\count199
\c@LT@chunks=\count266
\LT@p@ftn=\toks17
) (/Users/almartin/Library/TinyTeX/texmf-dist/tex/latex/tools/bm.sty
Package: bm 2023/07/08 v1.2f Bold Symbol Support (DPC/FMi)
\symboldoperators=\mathgroup4
\symboldletters=\mathgroup5
\symboldsymbols=\mathgroup6
Package bm Info: No bold for \OMX/cmex/m/n, using \pmb.
LaTeX Font Info:    Redeclaring math alphabet \mathbf on input line 149.
) (/Users/almartin/Library/TinyTeX/texmf-dist/tex/latex/base/alltt.sty
Package: alltt 2021/01/29 v2.0g defines alltt environment
) (/Users/almartin/Library/TinyTeX/texmf-dist/tex/latex/tools/verbatim.sty
Package: verbatim 2023-11-06 v1.5v LaTeX2e package for verbatim enhancements
\every@verbatim=\toks18
\verbatim@line=\toks19
\verbatim@in@stream=\read2
) (/Users/almartin/Library/TinyTeX/texmf-dist/tex/latex/url/url.sty
\Urlmuskip=\muskip16
Package: url 2013/09/16  ver 3.4  Verb mode for urls, etc.
) (/Users/almartin/Library/TinyTeX/texmf-dist/tex/latex/base/textcomp.sty
Package: textcomp 2020/02/02 v2.0n Standard LaTeX package
) (/Users/almartin/Library/TinyTeX/texmf-dist/tex/latex/amsmath/amsmath.sty
Package: amsmath 2023/05/13 v2.17o AMS math features
\@mathmargin=\skip54

For additional information on amsmath, use the `?' option.
(/Users/almartin/Library/TinyTeX/texmf-dist/tex/latex/amsmath/amstext.sty
Package: amstext 2021/08/26 v2.01 AMS text
 (/Users/almartin/Library/TinyTeX/texmf-dist/tex/latex/amsmath/amsgen.sty
File: amsgen.sty 1999/11/30 v2.0 generic functions
\@emptytoks=\toks20
\ex@=\dimen142
)) (/Users/almartin/Library/TinyTeX/texmf-dist/tex/latex/amsmath/amsbsy.sty
Package: amsbsy 1999/11/29 v1.2d Bold Symbols
LaTeX Info: Redefining \boldsymbol on input line 28.
\pmbraise@=\dimen143
) (/Users/almartin/Library/TinyTeX/texmf-dist/tex/latex/amsmath/amsopn.sty
Package: amsopn 2022/04/08 v2.04 operator names
)
\inf@bad=\count267
LaTeX Info: Redefining \frac on input line 234.
\uproot@=\count268
\leftroot@=\count269
LaTeX Info: Redefining \overline on input line 399.
LaTeX Info: Redefining \colon on input line 410.
\classnum@=\count270
\DOTSCASE@=\count271
LaTeX Info: Redefining \ldots on input line 496.
LaTeX Info: Redefining \dots on input line 499.
LaTeX Info: Redefining \cdots on input line 620.
\Mathstrutbox@=\box56
\strutbox@=\box57
LaTeX Info: Redefining \big on input line 722.
LaTeX Info: Redefining \Big on input line 723.
LaTeX Info: Redefining \bigg on input line 724.
LaTeX Info: Redefining \Bigg on input line 725.
\big@size=\dimen144
LaTeX Font Info:    Redeclaring font encoding OML on input line 743.
LaTeX Font Info:    Redeclaring font encoding OMS on input line 744.
\macc@depth=\count272
LaTeX Info: Redefining \bmod on input line 905.
LaTeX Info: Redefining \pmod on input line 910.
LaTeX Info: Redefining \smash on input line 940.
LaTeX Info: Redefining \relbar on input line 970.
LaTeX Info: Redefining \Relbar on input line 971.
\c@MaxMatrixCols=\count273
\dotsspace@=\muskip17
\c@parentequation=\count274
\dspbrk@lvl=\count275
\tag@help=\toks21
\row@=\count276
\column@=\count277
\maxfields@=\count278
\andhelp@=\toks22
\eqnshift@=\dimen145
\alignsep@=\dimen146
\tagshift@=\dimen147
\tagwidth@=\dimen148
\totwidth@=\dimen149
\lineht@=\dimen150
\@envbody=\toks23
\multlinegap=\skip55
\multlinetaggap=\skip56
\mathdisplay@stack=\toks24
LaTeX Info: Redefining \[ on input line 2953.
LaTeX Info: Redefining \] on input line 2954.
) (/Users/almartin/Library/TinyTeX/texmf-dist/tex/latex/amsfonts/amsfonts.sty
Package: amsfonts 2013/01/14 v3.01 Basic AMSFonts support
\symAMSa=\mathgroup7
\symAMSb=\mathgroup8
LaTeX Font Info:    Redeclaring math symbol \hbar on input line 98.
LaTeX Font Info:    Overwriting math alphabet `\mathfrak' in version `bold'
(Font)                  U/euf/m/n --> U/euf/b/n on input line 106.
) (/Users/almartin/Library/TinyTeX/texmf-dist/tex/latex/amsfonts/amssymb.sty
Package: amssymb 2013/01/14 v3.01 AMS font symbols
) (/Users/almartin/Library/TinyTeX/texmf-dist/tex/latex/amsfonts/eucal.sty
Package: eucal 2009/06/22 v3.00 Euler Script fonts
LaTeX Font Info:    Overwriting math alphabet `\EuScript' in version `bold'
(Font)                  U/eus/m/n --> U/eus/b/n on input line 33.
)
\ldescriptionwidth=\skip57
 (/Users/almartin/Library/TinyTeX/texmf-dist/tex/latex/base/fontenc.sty
Package: fontenc 2021/04/29 v2.0v Standard LaTeX package
) (/Users/almartin/Library/TinyTeX/texmf-dist/tex/latex/psnfss/times.sty
Package: times 2020/03/25 PSNFSS-v9.3 (SPQR) 
) (/Users/almartin/Library/TinyTeX/texmf-dist/tex/latex/inconsolata/zi4.sty
Package: zi4 2019/05/17 v1.12
 `inconsolata-zi4' v1.12, 2019/05/17 Text macros for Inconsolata (msharpe) (/Users/almartin/Library/TinyTeX/texmf-dist/tex/latex/xkeyval/xkeyval.sty
Package: xkeyval 2022/06/16 v2.9 package option processing (HA)
 (/Users/almartin/Library/TinyTeX/texmf-dist/tex/generic/xkeyval/xkeyval.tex (/Users/almartin/Library/TinyTeX/texmf-dist/tex/generic/xkeyval/xkvutils.tex
\XKV@toks=\toks25
\XKV@tempa@toks=\toks26
 (/Users/almartin/Library/TinyTeX/texmf-dist/tex/generic/xkeyval/keyval.tex))
\XKV@depth=\count279
File: xkeyval.tex 2014/12/03 v2.7a key=value parser (HA)
))
\zifour@ocount=\count280
) (/Users/almartin/Library/TinyTeX/texmf-dist/tex/latex/graphics/color.sty
Package: color 2022/01/06 v1.3d Standard LaTeX Color (DPC)
 (/Users/almartin/Library/TinyTeX/texmf-dist/tex/latex/graphics-cfg/color.cfg
File: color.cfg 2016/01/02 v1.6 sample color configuration
)
Package color Info: Driver file: pdftex.def on input line 149.
 (/Users/almartin/Library/TinyTeX/texmf-dist/tex/latex/graphics-def/pdftex.def
File: pdftex.def 2022/09/22 v1.2b Graphics/color driver for pdftex
) (/Users/almartin/Library/TinyTeX/texmf-dist/tex/latex/graphics/mathcolor.ltx)) (/Users/almartin/Library/TinyTeX/texmf-dist/tex/latex/hyperref/hyperref.sty
Package: hyperref 2023-11-26 v7.01g Hypertext links for LaTeX
 (/Users/almartin/Library/TinyTeX/texmf-dist/tex/generic/infwarerr/infwarerr.sty
Package: infwarerr 2019/12/03 v1.5 Providing info/warning/error messages (HO)
) (/Users/almartin/Library/TinyTeX/texmf-dist/tex/latex/kvsetkeys/kvsetkeys.sty
Package: kvsetkeys 2022-10-05 v1.19 Key value parser (HO)
) (/Users/almartin/Library/TinyTeX/texmf-dist/tex/generic/kvdefinekeys/kvdefinekeys.sty
Package: kvdefinekeys 2019-12-19 v1.6 Define keys (HO)
) (/Users/almartin/Library/TinyTeX/texmf-dist/tex/generic/pdfescape/pdfescape.sty
Package: pdfescape 2019/12/09 v1.15 Implements pdfTeX's escape features (HO)
 (/Users/almartin/Library/TinyTeX/texmf-dist/tex/generic/ltxcmds/ltxcmds.sty
Package: ltxcmds 2023-12-04 v1.26 LaTeX kernel commands for general use (HO)
) (/Users/almartin/Library/TinyTeX/texmf-dist/tex/generic/pdftexcmds/pdftexcmds.sty
Package: pdftexcmds 2020-06-27 v0.33 Utility functions of pdfTeX for LuaTeX (HO)
Package pdftexcmds Info: \pdf@primitive is available.
Package pdftexcmds Info: \pdf@ifprimitive is available.
Package pdftexcmds Info: \pdfdraftmode found.
)) (/Users/almartin/Library/TinyTeX/texmf-dist/tex/latex/hycolor/hycolor.sty
Package: hycolor 2020-01-27 v1.10 Color options for hyperref/bookmark (HO)
) (/Users/almartin/Library/TinyTeX/texmf-dist/tex/latex/letltxmacro/letltxmacro.sty
Package: letltxmacro 2019/12/03 v1.6 Let assignment for LaTeX macros (HO)
) (/Users/almartin/Library/TinyTeX/texmf-dist/tex/latex/auxhook/auxhook.sty
Package: auxhook 2019-12-17 v1.6 Hooks for auxiliary files (HO)
) (/Users/almartin/Library/TinyTeX/texmf-dist/tex/latex/hyperref/nameref.sty
Package: nameref 2023-11-26 v2.56 Cross-referencing by name of section
 (/Users/almartin/Library/TinyTeX/texmf-dist/tex/latex/refcount/refcount.sty
Package: refcount 2019/12/15 v3.6 Data extraction from label references (HO)
) (/Users/almartin/Library/TinyTeX/texmf-dist/tex/generic/gettitlestring/gettitlestring.sty
Package: gettitlestring 2019/12/15 v1.6 Cleanup title references (HO)
 (/Users/almartin/Library/TinyTeX/texmf-dist/tex/latex/kvoptions/kvoptions.sty
Package: kvoptions 2022-06-15 v3.15 Key value format for package options (HO)
))
\c@section@level=\count281
) (/Users/almartin/Library/TinyTeX/texmf-dist/tex/latex/etoolbox/etoolbox.sty
Package: etoolbox 2020/10/05 v2.5k e-TeX tools for LaTeX (JAW)
\etb@tempcnta=\count282
)
\@linkdim=\dimen151
\Hy@linkcounter=\count283
\Hy@pagecounter=\count284
 (/Users/almartin/Library/TinyTeX/texmf-dist/tex/latex/hyperref/pd1enc.def
File: pd1enc.def 2023-11-26 v7.01g Hyperref: PDFDocEncoding definition (HO)
Now handling font encoding PD1 ...
... no UTF-8 mapping file for font encoding PD1
) (/Users/almartin/Library/TinyTeX/texmf-dist/tex/generic/intcalc/intcalc.sty
Package: intcalc 2019/12/15 v1.3 Expandable calculations with integers (HO)
)
\Hy@SavedSpaceFactor=\count285
 (/Users/almartin/Library/TinyTeX/texmf-dist/tex/latex/hyperref/puenc.def
File: puenc.def 2023-11-26 v7.01g Hyperref: PDF Unicode definition (HO)
Now handling font encoding PU ...
... no UTF-8 mapping file for font encoding PU
)
Package hyperref Info: Hyper figures OFF on input line 4181.
Package hyperref Info: Link nesting OFF on input line 4186.
Package hyperref Info: Hyper index ON on input line 4189.
Package hyperref Info: Plain pages OFF on input line 4196.
Package hyperref Info: Backreferencing OFF on input line 4201.
Package hyperref Info: Implicit mode ON; LaTeX internals redefined.
Package hyperref Info: Bookmarks ON on input line 4448.
\c@Hy@tempcnt=\count286
LaTeX Info: Redefining \url on input line 4786.
\XeTeXLinkMargin=\dimen152
 (/Users/almartin/Library/TinyTeX/texmf-dist/tex/generic/bitset/bitset.sty
Package: bitset 2019/12/09 v1.3 Handle bit-vector datatype (HO)
 (/Users/almartin/Library/TinyTeX/texmf-dist/tex/generic/bigintcalc/bigintcalc.sty
Package: bigintcalc 2019/12/15 v1.5 Expandable calculations on big integers (HO)
))
\Fld@menulength=\count287
\Field@Width=\dimen153
\Fld@charsize=\dimen154
Package hyperref Info: Hyper figures OFF on input line 6065.
Package hyperref Info: Link nesting OFF on input line 6070.
Package hyperref Info: Hyper index ON on input line 6073.
Package hyperref Info: backreferencing OFF on input line 6080.
Package hyperref Info: Link coloring OFF on input line 6085.
Package hyperref Info: Link coloring with OCG OFF on input line 6090.
Package hyperref Info: PDF/A mode OFF on input line 6095.
 (/Users/almartin/Library/TinyTeX/texmf-dist/tex/latex/base/atbegshi-ltx.sty
Package: atbegshi-ltx 2021/01/10 v1.0c Emulation of the original atbegshi
package with kernel methods
)
\Hy@abspage=\count288
\c@Item=\count289
\c@Hfootnote=\count290
)
Package hyperref Info: Driver (autodetected): hpdftex.
 (/Users/almartin/Library/TinyTeX/texmf-dist/tex/latex/hyperref/hpdftex.def
File: hpdftex.def 2023-11-26 v7.01g Hyperref driver for pdfTeX
 (/Users/almartin/Library/TinyTeX/texmf-dist/tex/latex/base/atveryend-ltx.sty
Package: atveryend-ltx 2020/08/19 v1.0a Emulation of the original atveryend package
with kernel methods
)
\Fld@listcount=\count291
\c@bookmark@seq@number=\count292
 (/Users/almartin/Library/TinyTeX/texmf-dist/tex/latex/rerunfilecheck/rerunfilecheck.sty
Package: rerunfilecheck 2022-07-10 v1.10 Rerun checks for auxiliary files (HO)
 (/Users/almartin/Library/TinyTeX/texmf-dist/tex/generic/uniquecounter/uniquecounter.sty
Package: uniquecounter 2019/12/15 v1.4 Provide unlimited unique counter (HO)
)
Package uniquecounter Info: New unique counter `rerunfilecheck' on input line 285.
)
\Hy@SectionHShift=\skip58
)
Package hyperref Info: Option `colorlinks' set `true' on input line 413.
Package hyperref Info: Option `linktocpage' set `true' on input line 413.
Package hyperref Info: Option `plainpages' set `false' on input line 413.
) (/Users/almartin/Library/TinyTeX/texmf-dist/tex/latex/base/makeidx.sty
Package: makeidx 2021/10/04 v1.0m Standard LaTeX package
)
\@indexfile=\write3
\openout3 = `Rd2.idx'.


Writing index file Rd2.idx
LaTeX Font Info:    Trying to load font information for T1+ptm on input line 8.
(/Users/almartin/Library/TinyTeX/texmf-dist/tex/latex/psnfss/t1ptm.fd
File: t1ptm.fd 2001/06/04 font definitions for T1/ptm.
) (/Users/almartin/Library/TinyTeX/texmf-dist/tex/latex/l3backend/l3backend-pdftex.def
File: l3backend-pdftex.def 2023-11-09 L3 backend support: PDF output (pdfTeX)
\l__color_backend_stack_int=\count293
\l__pdf_internal_box=\box58
) (./Rd2.aux)
\openout1 = `Rd2.aux'.

LaTeX Font Info:    Checking defaults for OML/cmm/m/it on input line 8.
LaTeX Font Info:    ... okay on input line 8.
LaTeX Font Info:    Checking defaults for OMS/cmsy/m/n on input line 8.
LaTeX Font Info:    ... okay on input line 8.
LaTeX Font Info:    Checking defaults for OT1/cmr/m/n on input line 8.
LaTeX Font Info:    ... okay on input line 8.
LaTeX Font Info:    Checking defaults for T1/cmr/m/n on input line 8.
LaTeX Font Info:    ... okay on input line 8.
LaTeX Font Info:    Checking defaults for TS1/cmr/m/n on input line 8.
LaTeX Font Info:    ... okay on input line 8.
LaTeX Font Info:    Checking defaults for OMX/cmex/m/n on input line 8.
LaTeX Font Info:    ... okay on input line 8.
LaTeX Font Info:    Checking defaults for U/cmr/m/n on input line 8.
LaTeX Font Info:    ... okay on input line 8.
LaTeX Font Info:    Checking defaults for PD1/pdf/m/n on input line 8.
LaTeX Font Info:    ... okay on input line 8.
LaTeX Font Info:    Checking defaults for PU/pdf/m/n on input line 8.
LaTeX Font Info:    ... okay on input line 8.
Package hyperref Info: Link coloring ON on input line 8.
 (./Rd2.out) (./Rd2.out)
\@outlinefile=\write4
\openout4 = `Rd2.out'.

LaTeX Font Info:    Trying to load font information for T1+zi4 on input line 26.
 (/Users/almartin/Library/TinyTeX/texmf-dist/tex/latex/inconsolata/t1zi4.fd
File: t1zi4.fd 2018/01/14 T1/zi4 (Inconsolata)
)
LaTeX Font Info:    Font shape `T1/zi4/m/n' will be
(Font)              scaled to size 10.0pt on input line 26.
LaTeX Font Info:    Trying to load font information for U+msa on input line 28.
 (/Users/almartin/Library/TinyTeX/texmf-dist/tex/latex/amsfonts/umsa.fd
File: umsa.fd 2013/01/14 v3.01 AMS symbols A
)
LaTeX Font Info:    Trying to load font information for U+msb on input line 28.
 (/Users/almartin/Library/TinyTeX/texmf-dist/tex/latex/amsfonts/umsb.fd
File: umsb.fd 2013/01/14 v3.01 AMS symbols B
) (./Rd2.toc [1


{/Users/almartin/Library/TinyTeX/texmf-var/fonts/map/pdftex/updmap/pdftex.map}{/Users/almartin/Library/TinyTeX/texmf-dist/fonts/enc/dvips/base/8r.enc}{/Users/almartin/Library/TinyTeX/texmf-dist/fonts/enc/dvips/inconsolata/i4-t1-0.enc}] [2] [3] [4] [5] [6] [7])
\tf@toc=\write5
\openout5 = `Rd2.toc'.

LaTeX Font Info:    Trying to load font information for TS1+ptm on input line 62.
 (/Users/almartin/Library/TinyTeX/texmf-dist/tex/latex/psnfss/ts1ptm.fd
File: ts1ptm.fd 2001/06/04 font definitions for TS1/ptm.
) [8]
LaTeX Font Info:    Font shape `T1/zi4/m/n' will be
(Font)              scaled to size 9.0pt on input line 142.
 [9] [10] [11] [12]
Overfull \hbox (7.75737pt too wide) in paragraph at lines 320--322
[]\T1/ptm/m/n/10 tidied post-sec-ondary ma-tric-u-la-tion dataframe, eg out-put of en-rich_matric_counts() 
 []

[13] [14] [15] [16] [17] [18] [19] [20]
Overfull \hbox (19.78746pt too wide) in paragraph at lines 702--704
[]\T1/ptm/m/n/10 Character. Col-umn in df_enrollment con-tain-ing stu-dent counts. De-fault "n_students". 
 []

[21]
Overfull \hbox (27.78737pt too wide) in paragraph at lines 784--786
[]\T1/ptm/m/n/10 Character vec-tor. Columns iden-ti-fy-ing the en-tity (e.g., c("district_id") or c("county_id",
 []

[22]
Overfull \hbox (38.30963pt too wide) in paragraph at lines 835--838
[]\T1/ptm/m/n/10 A data frame from [][][]\T1/zi4/m/n/10 fetch_disciplinary_removals[][][][]\T1/ptm/m/n/10 , [][][]\T1/zi4/m/n/10 fetch_violence_vandalism_hib[][][][]\T1/ptm/m/n/10 ,
 []

[23]
Overfull \hbox (5.53693pt too wide) in paragraph at lines 894--896
[]\T1/ptm/m/n/10 Character vec-tor spec-i-fy-ing which di-ver-sity met-rics to cal-cu-late. Op-tions: "racial"
 []

[24] [25] [26]
Overfull \hbox (18.32796pt too wide) in paragraph at lines 1065--1068
[]\T1/ptm/m/n/10 Enrollment data with char-ter sec-tor and all-public ag-gre-gates (com-bine []\T1/zi4/m/n/10 fetch_enr()
 []

[27] [28] [29] [30] [31] [32]
Overfull \hbox (14.9572pt too wide) in paragraph at lines 1353--1355
[]\T1/ptm/m/n/10 Standardizes county, dis-trict, and school col-umn names to con-sis-tent nam-ing con-ven-tions (county_code,
 []

[33] [34] [35] [36]
Overfull \hbox (14.39796pt too wide) in paragraph at lines 1546--1547
[]\T1/ptm/m/n/10 raw data frame with cleaned names, out-put of get_raw_sped with clean_sped_names
 []

[37]
Overfull \hbox (25.3205pt too wide) in paragraph at lines 1617--1621
\T1/ptm/m/n/10 should be from [][][]\T1/zi4/m/n/10 fetch_disciplinary_removals[][][][]\T1/ptm/m/n/10 , [][][]\T1/zi4/m/n/10 fetch_violence_vandalism_hib[][][][]\T1/ptm/m/n/10 ,
 []

[38]
Overfull \hbox (16.04626pt too wide) in paragraph at lines 1638--1640
[]\T1/ptm/m/n/10 multi_year_trend - Trend clas-si-fi-ca-tion: "in-creas-ing", "de-creas-ing", "sta-ble", or "in-suf-fi-cient_data" 
 []

[39]
Overfull \hbox (7.33803pt too wide) in paragraph at lines 1706--1708
[]\T1/ptm/m/n/10 Character vec-tor of dis-trict_ids for cus-tom peer groups. Only used when peer_type
 []

[40] [41] [42] [43] [44] [45] [46] [47] [48] [49] [50] [51]
Overfull \hbox (37.81737pt too wide) in paragraph at lines 2288--2291
\T1/ptm/m/n/10 vs ACGR files), which is why it has its own fetch func-tion rather than be-ing an op-tion in []\T1/zi4/m/n/10 fetch_grad_rate()[]\T1/ptm/m/n/10 . 
 []

[52]
Overfull \hbox (4.86699pt too wide) in paragraph at lines 2325--2327
[]\T1/ptm/m/n/10 Downloads and ex-tracts chronic ab-sen-teeism data bro-ken down by grade level from the SPR database. 
 []

[53] [54] [55] [56] [57] [58] [59] [60] [61]
Overfull \hbox (1.11601pt too wide) in paragraph at lines 2856--2858
[]\T1/ptm/m/n/10 Downloads and ex-tracts Ca-reer and Tech-ni-cal Ed-u-ca-tion (CTE) par-tic-i-pa-tion from the SPR database.
 []

[62]
Package textcomp Info: Symbol \textasciigrave not provided by
(textcomp)             font family zi4 in TS1 encoding.
(textcomp)             Default family used instead on input line 2954.
LaTeX Font Info:    Trying to load font information for T1+cmtt on input line 2954.
 (/Users/almartin/Library/TinyTeX/texmf-dist/tex/latex/base/t1cmtt.fd
File: t1cmtt.fd 2023/04/13 v2.5m Standard LaTeX font definitions
)
LaTeX Font Info:    Trying to load font information for TS1+cmtt on input line 2954.
 (/Users/almartin/Library/TinyTeX/texmf-dist/tex/latex/base/ts1cmtt.fd
File: ts1cmtt.fd 2023/04/13 v2.5m Standard LaTeX font definitions
)
Package textcomp Info: Symbol \textasciigrave not provided by
(textcomp)             font family zi4 in TS1 encoding.
(textcomp)             Default family used instead on input line 2954.
Package textcomp Info: Symbol \textasciigrave not provided by
(textcomp)             font family zi4 in TS1 encoding.
(textcomp)             Default family used instead on input line 2954.
Package textcomp Info: Symbol \textasciigrave not provided by
(textcomp)             font family zi4 in TS1 encoding.
(textcomp)             Default family used instead on input line 2954.
 [63] [64] [65] [66] [67] [68] [69] [70] [71] [72] [73] [74] [75] [76] [77] [78]
Overfull \hbox (4.18684pt too wide) in paragraph at lines 3832--3834
[]\T1/ptm/m/n/10 cleaned sped dataframe with columns: end_year, county_id, county_name, dis-trict_id, dis-trict_name,
 []

[79] [80] [81] [82] [83] [84] [85] [86]
LaTeX Font Info:    Trying to load font information for TS1+zi4 on input line 4286.
 (/Users/almartin/Library/TinyTeX/texmf-dist/tex/latex/inconsolata/ts1zi4.fd
File: ts1zi4.fd 2018/01/14 TS1/zi4 (Inconsolata)
)
LaTeX Font Info:    Font shape `TS1/zi4/m/n' will be
(Font)              scaled to size 9.0pt on input line 4286.
 [87{/Users/almartin/Library/TinyTeX/texmf-dist/fonts/enc/dvips/inconsolata/i4-ts1.enc}] [88] [89] [90] [91] [92] [93] [94] [95] [96] [97] [98] [99] [100] [101] [102] [103] [104] [105] [106] [107] [108] [109] [110] [111] [112] [113] [114] [115] [116]
Overfull \hbox (6.42818pt too wide) in paragraph at lines 5717--5719
[]\T1/ptm/m/n/10 One of "en-roll-ment", "parcc", "grate_4yr", "grate_5yr", "gcount", "legacy_assess" 
 []

[117] [118]
Overfull \hbox (32.15623pt too wide) in paragraph at lines 5837--5839
[]\T1/ptm/m/n/10 NJDOE web-site - eg the 'File Lay-out' link on http://www.nj.gov/education/schools/achievement/2005/gepa/ 
 []

[119] [120]
Overfull \hbox (21.60619pt too wide) in paragraph at lines 5955--5957
[]\T1/ptm/m/n/10 NJDOE web-site - eg the 'File Lay-out' link on http://www.nj.gov/education/schools/achievement/14/hspa/ 
 []

[121] [122] [123]
Overfull \hbox (31.60619pt too wide) in paragraph at lines 6067--6069
[]\T1/ptm/m/n/10 NJDOE web-site - eg the 'File Lay-out' link on http://www.nj.gov/education/schools/achievement/2005/hspa/ 
 []

[124]
Overfull \hbox (44.25543pt too wide) in paragraph at lines 6127--6129
[]\T1/ptm/m/n/10 NJDOE web-site - eg the 'File Lay-out' link on http://www.state.nj.us/education/schools/achievement/14/njask5/ 
 []


Overfull \hbox (54.25543pt too wide) in paragraph at lines 6174--6176
[]\T1/ptm/m/n/10 NJDOE web-site - eg the 'File Lay-out' link on http://www.state.nj.us/education/schools/achievement/2005/njask3/ 
 []

[125]
Overfull \hbox (54.25543pt too wide) in paragraph at lines 6221--6223
[]\T1/ptm/m/n/10 NJDOE web-site - eg the 'File Lay-out' link on http://www.state.nj.us/education/schools/achievement/2006/njask3/ 
 []

[126]
Overfull \hbox (54.25543pt too wide) in paragraph at lines 6268--6270
[]\T1/ptm/m/n/10 NJDOE web-site - eg the 'File Lay-out' link on http://www.state.nj.us/education/schools/achievement/2007/njask3/ 
 []

[127]
Overfull \hbox (59.25543pt too wide) in paragraph at lines 6315--6317
[]\T1/ptm/m/n/10 NJDOE web-site - eg the 'File Lay-out' link on http://www.state.nj.us/education/schools/achievement/2007/njask57/ 
 []

[128]
Overfull \hbox (54.25543pt too wide) in paragraph at lines 6362--6364
[]\T1/ptm/m/n/10 NJDOE web-site - eg the 'File Lay-out' link on http://www.state.nj.us/education/schools/achievement/2008/njask3/ 
 []

[129] [130]
Overfull \hbox (54.25543pt too wide) in paragraph at lines 6430--6432
[]\T1/ptm/m/n/10 NJDOE web-site - eg the 'File Lay-out' link on http://www.state.nj.us/education/schools/achievement/2009/njask3/ 
 []

[131] [132]
Overfull \hbox (46.31792pt too wide) in paragraph at lines 6548--6550
[]\T1/ptm/m/n/10 calculated as-sess-ments peer per-centiles such as the out-put of []\T1/zi4/m/n/10 statewide_peer_percentile 
 []

[133] [134] [135] [136] [137] [138] [139] [140] [141]
Overfull \hbox (25.9281pt too wide) in paragraph at lines 7023--7025
[]\T1/ptm/m/n/10 Character. Which met-ric to rank on. One of "pro-fi-cient_above" or "scale_score_mean".
 []

[142] [143] [144]
Overfull \hbox (19.00717pt too wide) in paragraph at lines 7195--7197
[]\T1/ptm/m/n/10 Character vec-tor. Columns iden-ti-fy-ing en-ti-ties to track over time (e.g., c("district_id",
 []

[145]
LaTeX Font Info:    Font shape `TS1/zi4/m/n' will be
(Font)              scaled to size 10.0pt on input line 7251.
 [146] [147] [148] [149] [150] [151] [152]
Overfull \hbox (128.87494pt too wide) in paragraph at lines 7607--7609
[]\T1/ptm/m/n/10 A com-pi-la-tion of all the "pro-gram codes" used by the state of NJ. ex-am-ple: http://www.nj.gov/education/data/enr/enr15/stat_doc.htm 
 []

[153] [154] [155] [156]
Overfull \hbox (18.24669pt too wide) in paragraph at lines 7838--7840
[]\T1/ptm/m/n/10 Dataframe con-tain-ing both char-ter and dis-trict data with is_charter_sector, is_district,
 []

[157] [158]
Overfull \hbox (11.98807pt too wide) in paragraph at lines 7950--7952
[]\T1/ptm/m/n/10 This list maps com-mon sheet name vari-a-tions. For-mat is: []\T1/zi4/m/n/10 list(canonical_name = list(year_range
 []

[159] [160] [161] [162] [163] [164] [165] [166]
Overfull \hbox (4.64853pt too wide) in paragraph at lines 8313--8315
[]\T1/ptm/m/n/10 excess un-re-served gen-eral fund data frame, eg CSG21 out-put from get_raw_tges() 
 []

[167] [168] [169] [170] [171] [172] [173] [174] [175] [176] [177] [178] [179] [180] [181] [182] [183] [184] [185] [186] [187] (./Rd2.ind [188] [189

]
Overfull \hbox (13.3567pt too wide) in paragraph at lines 143--145
[]| \T1/zi4/m/n/10 tidy_budgeted_vs_actual_fund_balance\T1/ptm/m/n/10 , 
 []


Overfull \hbox (8.3567pt too wide) in paragraph at lines 152--154
[]| \T1/zi4/m/n/10 tidy_excess_unreserved_general_fund\T1/ptm/m/n/10 , 
 []


Overfull \hbox (43.3567pt too wide) in paragraph at lines 166--168
[]| \T1/zi4/m/n/10 tidy_plant_operations_maintenance_salaries\T1/ptm/m/n/10 , 
 []


Overfull \hbox (13.3567pt too wide) in paragraph at lines 168--170
[]| \T1/zi4/m/n/10 tidy_ratio_faculty_to_administrators\T1/ptm/m/n/10 , 
 []


Overfull \hbox (18.3567pt too wide) in paragraph at lines 170--172
[]| \T1/zi4/m/n/10 tidy_ratio_students_to_administrators\T1/ptm/m/n/10 , 
 []


Overfull \hbox (23.3567pt too wide) in paragraph at lines 172--174
[]| \T1/zi4/m/n/10 tidy_ratio_students_to_special_service\T1/ptm/m/n/10 , 
 []

[190] [191] [192]

LaTeX Font Warning: Font shape `T1/zi4/m/it' undefined
(Font)              using `T1/zi4/m/n' instead on input line 466.


Overfull \hbox (23.3567pt too wide) in paragraph at lines 563--565
[]\T1/zi4/m/n/10 tidy_plant_operations_maintenance_salaries\T1/ptm/m/n/10 , 
 []

[193]
Overfull \hbox (3.3567pt too wide) in paragraph at lines 569--571
[]\T1/zi4/m/n/10 tidy_ratio_students_to_special_service\T1/ptm/m/n/10 , 
 []

[194

]) (./Rd2.aux)
 ***********
LaTeX2e <2023-11-01>
L3 programming layer <2023-12-11>
 ***********


LaTeX Font Warning: Some font shapes were not available, defaults substituted.

Package rerunfilecheck Info: File `Rd2.out' has not changed.
(rerunfilecheck)             Checksum: 031A7FFCAD043A446BACB54D89E9C482;55178.
 ) 
Here is how much of TeX's memory you used:
 12827 strings out of 476141
 207811 string characters out of 5794243
 1944457 words of memory out of 5000000
 32482 multiletter control sequences out of 15000+600000
 592629 words of font info for 80 fonts, out of 8000000 for 9000
 14 hyphenation exceptions out of 8191
 92i,6n,95p,415b,737s stack positions out of 10000i,1000n,20000p,200000b,200000s

pdfTeX warning (dest): name{Rfn.fetch.Rul.staff.Rul.retention} has been referenced but does not exist, replaced by a fixed one

 </Users/almartin/Library/TinyTeX/texmf-var/fonts/pk/ljfour/jknappen/ec/tctt0900.600pk></Users/almartin/Library/TinyTeX/texmf-dist/fonts/type1/public/inconsolata/Inconsolata-zi4r.pfb></Users/almartin/Library/TinyTeX/texmf-dist/fonts/type1/public/amsfonts/cm/cmex10.pfb></Users/almartin/Library/TinyTeX/texmf-dist/fonts/type1/public/amsfonts/cm/cmmi10.pfb></Users/almartin/Library/TinyTeX/texmf-dist/fonts/type1/public/amsfonts/cm/cmmi7.pfb></Users/almartin/Library/TinyTeX/texmf-dist/fonts/type1/public/amsfonts/cm/cmr10.pfb></Users/almartin/Library/TinyTeX/texmf-dist/fonts/type1/public/amsfonts/cm/cmr7.pfb></Users/almartin/Library/TinyTeX/texmf-dist/fonts/type1/public/amsfonts/cm/cmsy10.pfb></Users/almartin/Library/TinyTeX/texmf-dist/fonts/type1/urw/times/utmb8a.pfb></Users/almartin/Library/TinyTeX/texmf-dist/fonts/type1/urw/times/utmr8a.pfb></Users/almartin/Library/TinyTeX/texmf-dist/fonts/type1/urw/times/utmr8a.pfb></Users/almartin/Library/TinyTeX/texmf-dist/fonts/type1/urw/times/utmri8a.pfb>
Output written on Rd2.pdf (194 pages, 457117 bytes).
PDF statistics:
 5264 PDF objects out of 6186 (max. 8388607)
 4994 compressed objects within 50 object streams
 2209 named destinations out of 2487 (max. 500000)
 2665 words of extra memory for PDF output out of 10000 (max. 10000000)

